Determining if the pthread_create exist failed with the following output:
Change Dir: /media/pitrou/DATA/cours/cours Master 2/big data/BigData/tp4/build/CMakeFiles/CMakeTmp

Run Build Command:"/usr/bin/make" "cmTC_86771/fast"
/usr/bin/make -f CMakeFiles/cmTC_86771.dir/build.make CMakeFiles/cmTC_86771.dir/build
make[1] : on entre dans le répertoire « /media/pitrou/DATA/cours/cours Master 2/big data/BigData/tp4/build/CMakeFiles/CMakeTmp »
Building C object CMakeFiles/cmTC_86771.dir/CheckSymbolExists.c.o
/usr/bin/cc    -o CMakeFiles/cmTC_86771.dir/CheckSymbolExists.c.o   -c "/media/pitrou/DATA/cours/cours Master 2/big data/BigData/tp4/build/CMakeFiles/CMakeTmp/CheckSymbolExists.c"
Linking C executable cmTC_86771
/usr/bin/cmake -E cmake_link_script CMakeFiles/cmTC_86771.dir/link.txt --verbose=1
/usr/bin/cc      CMakeFiles/cmTC_86771.dir/CheckSymbolExists.c.o  -o cmTC_86771 
CMakeFiles/cmTC_86771.dir/CheckSymbolExists.c.o : Dans la fonction « main » :
CheckSymbolExists.c:(.text+0x1b) : référence indéfinie vers « pthread_create »
collect2: error: ld returned 1 exit status
CMakeFiles/cmTC_86771.dir/build.make:97: recipe for target 'cmTC_86771' failed
make[1]: *** [cmTC_86771] Error 1
make[1] : on quitte le répertoire « /media/pitrou/DATA/cours/cours Master 2/big data/BigData/tp4/build/CMakeFiles/CMakeTmp »
Makefile:126: recipe for target 'cmTC_86771/fast' failed
make: *** [cmTC_86771/fast] Error 2

File /media/pitrou/DATA/cours/cours Master 2/big data/BigData/tp4/build/CMakeFiles/CMakeTmp/CheckSymbolExists.c:
/* */
#include <pthread.h>

int main(int argc, char** argv)
{
  (void)argv;
#ifndef pthread_create
  return ((int*)(&pthread_create))[argc];
#else
  (void)argc;
  return 0;
#endif
}

Determining if the function pthread_create exists in the pthreads failed with the following output:
Change Dir: /media/pitrou/DATA/cours/cours Master 2/big data/BigData/tp4/build/CMakeFiles/CMakeTmp

Run Build Command:"/usr/bin/make" "cmTC_1f95b/fast"
/usr/bin/make -f CMakeFiles/cmTC_1f95b.dir/build.make CMakeFiles/cmTC_1f95b.dir/build
make[1] : on entre dans le répertoire « /media/pitrou/DATA/cours/cours Master 2/big data/BigData/tp4/build/CMakeFiles/CMakeTmp »
Building C object CMakeFiles/cmTC_1f95b.dir/CheckFunctionExists.c.o
/usr/bin/cc   -DCHECK_FUNCTION_EXISTS=pthread_create   -o CMakeFiles/cmTC_1f95b.dir/CheckFunctionExists.c.o   -c /usr/share/cmake-3.10/Modules/CheckFunctionExists.c
Linking C executable cmTC_1f95b
/usr/bin/cmake -E cmake_link_script CMakeFiles/cmTC_1f95b.dir/link.txt --verbose=1
/usr/bin/cc  -DCHECK_FUNCTION_EXISTS=pthread_create    CMakeFiles/cmTC_1f95b.dir/CheckFunctionExists.c.o  -o cmTC_1f95b -lpthreads 
/usr/bin/ld : ne peut trouver -lpthreads
collect2: error: ld returned 1 exit status
CMakeFiles/cmTC_1f95b.dir/build.make:97: recipe for target 'cmTC_1f95b' failed
make[1]: *** [cmTC_1f95b] Error 1
make[1] : on quitte le répertoire « /media/pitrou/DATA/cours/cours Master 2/big data/BigData/tp4/build/CMakeFiles/CMakeTmp »
Makefile:126: recipe for target 'cmTC_1f95b/fast' failed
make: *** [cmTC_1f95b/fast] Error 2


