Determining if the pthread_create exist failed with the following output:
Change Dir: /media/pitrou/DATA/cours/cours Master 2/big data/BigData/td1/build/CMakeFiles/CMakeTmp

Run Build Command:"/usr/bin/make" "cmTC_6d60b/fast"
/usr/bin/make -f CMakeFiles/cmTC_6d60b.dir/build.make CMakeFiles/cmTC_6d60b.dir/build
make[1] : on entre dans le répertoire « /media/pitrou/DATA/cours/cours Master 2/big data/BigData/td1/build/CMakeFiles/CMakeTmp »
Building C object CMakeFiles/cmTC_6d60b.dir/CheckSymbolExists.c.o
/usr/bin/cc    -o CMakeFiles/cmTC_6d60b.dir/CheckSymbolExists.c.o   -c "/media/pitrou/DATA/cours/cours Master 2/big data/BigData/td1/build/CMakeFiles/CMakeTmp/CheckSymbolExists.c"
Linking C executable cmTC_6d60b
/usr/bin/cmake -E cmake_link_script CMakeFiles/cmTC_6d60b.dir/link.txt --verbose=1
/usr/bin/cc      CMakeFiles/cmTC_6d60b.dir/CheckSymbolExists.c.o  -o cmTC_6d60b 
CMakeFiles/cmTC_6d60b.dir/CheckSymbolExists.c.o : Dans la fonction « main » :
CheckSymbolExists.c:(.text+0x1b) : référence indéfinie vers « pthread_create »
collect2: error: ld returned 1 exit status
CMakeFiles/cmTC_6d60b.dir/build.make:97: recipe for target 'cmTC_6d60b' failed
make[1]: *** [cmTC_6d60b] Error 1
make[1] : on quitte le répertoire « /media/pitrou/DATA/cours/cours Master 2/big data/BigData/td1/build/CMakeFiles/CMakeTmp »
Makefile:126: recipe for target 'cmTC_6d60b/fast' failed
make: *** [cmTC_6d60b/fast] Error 2

File /media/pitrou/DATA/cours/cours Master 2/big data/BigData/td1/build/CMakeFiles/CMakeTmp/CheckSymbolExists.c:
/* */
#include <pthread.h>

int main(int argc, char** argv)
{
  (void)argv;
#ifndef pthread_create
  return ((int*)(&pthread_create))[argc];
#else
  (void)argc;
  return 0;
#endif
}

Determining if the function pthread_create exists in the pthreads failed with the following output:
Change Dir: /media/pitrou/DATA/cours/cours Master 2/big data/BigData/td1/build/CMakeFiles/CMakeTmp

Run Build Command:"/usr/bin/make" "cmTC_22191/fast"
/usr/bin/make -f CMakeFiles/cmTC_22191.dir/build.make CMakeFiles/cmTC_22191.dir/build
make[1] : on entre dans le répertoire « /media/pitrou/DATA/cours/cours Master 2/big data/BigData/td1/build/CMakeFiles/CMakeTmp »
Building C object CMakeFiles/cmTC_22191.dir/CheckFunctionExists.c.o
/usr/bin/cc   -DCHECK_FUNCTION_EXISTS=pthread_create   -o CMakeFiles/cmTC_22191.dir/CheckFunctionExists.c.o   -c /usr/share/cmake-3.10/Modules/CheckFunctionExists.c
Linking C executable cmTC_22191
/usr/bin/cmake -E cmake_link_script CMakeFiles/cmTC_22191.dir/link.txt --verbose=1
/usr/bin/cc  -DCHECK_FUNCTION_EXISTS=pthread_create    CMakeFiles/cmTC_22191.dir/CheckFunctionExists.c.o  -o cmTC_22191 -lpthreads 
/usr/bin/ld : ne peut trouver -lpthreads
collect2: error: ld returned 1 exit status
CMakeFiles/cmTC_22191.dir/build.make:97: recipe for target 'cmTC_22191' failed
make[1]: *** [cmTC_22191] Error 1
make[1] : on quitte le répertoire « /media/pitrou/DATA/cours/cours Master 2/big data/BigData/td1/build/CMakeFiles/CMakeTmp »
Makefile:126: recipe for target 'cmTC_22191/fast' failed
make: *** [cmTC_22191/fast] Error 2


