Determining if the pthread_create exist failed with the following output:
Change Dir: /media/pitrou/DATA/cours/cours Master 2/big data/BigData/td1/ex2/build/CMakeFiles/CMakeTmp

Run Build Command:"/usr/bin/make" "cmTC_7b59e/fast"
/usr/bin/make -f CMakeFiles/cmTC_7b59e.dir/build.make CMakeFiles/cmTC_7b59e.dir/build
make[1] : on entre dans le répertoire « /media/pitrou/DATA/cours/cours Master 2/big data/BigData/td1/ex2/build/CMakeFiles/CMakeTmp »
Building C object CMakeFiles/cmTC_7b59e.dir/CheckSymbolExists.c.o
/usr/bin/cc    -o CMakeFiles/cmTC_7b59e.dir/CheckSymbolExists.c.o   -c "/media/pitrou/DATA/cours/cours Master 2/big data/BigData/td1/ex2/build/CMakeFiles/CMakeTmp/CheckSymbolExists.c"
Linking C executable cmTC_7b59e
/usr/bin/cmake -E cmake_link_script CMakeFiles/cmTC_7b59e.dir/link.txt --verbose=1
/usr/bin/cc      CMakeFiles/cmTC_7b59e.dir/CheckSymbolExists.c.o  -o cmTC_7b59e 
CMakeFiles/cmTC_7b59e.dir/CheckSymbolExists.c.o : Dans la fonction « main » :
CheckSymbolExists.c:(.text+0x1b) : référence indéfinie vers « pthread_create »
collect2: error: ld returned 1 exit status
CMakeFiles/cmTC_7b59e.dir/build.make:97: recipe for target 'cmTC_7b59e' failed
make[1]: *** [cmTC_7b59e] Error 1
make[1] : on quitte le répertoire « /media/pitrou/DATA/cours/cours Master 2/big data/BigData/td1/ex2/build/CMakeFiles/CMakeTmp »
Makefile:126: recipe for target 'cmTC_7b59e/fast' failed
make: *** [cmTC_7b59e/fast] Error 2

File /media/pitrou/DATA/cours/cours Master 2/big data/BigData/td1/ex2/build/CMakeFiles/CMakeTmp/CheckSymbolExists.c:
/* */
#include <pthread.h>

int main(int argc, char** argv)
{
  (void)argv;
#ifndef pthread_create
  return ((int*)(&pthread_create))[argc];
#else
  (void)argc;
  return 0;
#endif
}

Determining if the function pthread_create exists in the pthreads failed with the following output:
Change Dir: /media/pitrou/DATA/cours/cours Master 2/big data/BigData/td1/ex2/build/CMakeFiles/CMakeTmp

Run Build Command:"/usr/bin/make" "cmTC_cd8dd/fast"
/usr/bin/make -f CMakeFiles/cmTC_cd8dd.dir/build.make CMakeFiles/cmTC_cd8dd.dir/build
make[1] : on entre dans le répertoire « /media/pitrou/DATA/cours/cours Master 2/big data/BigData/td1/ex2/build/CMakeFiles/CMakeTmp »
Building C object CMakeFiles/cmTC_cd8dd.dir/CheckFunctionExists.c.o
/usr/bin/cc   -DCHECK_FUNCTION_EXISTS=pthread_create   -o CMakeFiles/cmTC_cd8dd.dir/CheckFunctionExists.c.o   -c /usr/share/cmake-3.10/Modules/CheckFunctionExists.c
Linking C executable cmTC_cd8dd
/usr/bin/cmake -E cmake_link_script CMakeFiles/cmTC_cd8dd.dir/link.txt --verbose=1
/usr/bin/cc  -DCHECK_FUNCTION_EXISTS=pthread_create    CMakeFiles/cmTC_cd8dd.dir/CheckFunctionExists.c.o  -o cmTC_cd8dd -lpthreads 
/usr/bin/ld : ne peut trouver -lpthreads
collect2: error: ld returned 1 exit status
CMakeFiles/cmTC_cd8dd.dir/build.make:97: recipe for target 'cmTC_cd8dd' failed
make[1]: *** [cmTC_cd8dd] Error 1
make[1] : on quitte le répertoire « /media/pitrou/DATA/cours/cours Master 2/big data/BigData/td1/ex2/build/CMakeFiles/CMakeTmp »
Makefile:126: recipe for target 'cmTC_cd8dd/fast' failed
make: *** [cmTC_cd8dd/fast] Error 2


